<?xml version="1.0" encoding="UTF-8"?>
<testng-results skipped="0" failed="0" ignored="0" total="1" passed="1">
  <reporter-output>
  </reporter-output>
  <suite name="UNIFY_Automation" duration-ms="133278" started-at="2019-07-17T06:10:35Z" finished-at="2019-07-17T06:12:48Z">
    <groups>
    </groups>
    <test name="Debugging_Purpose" duration-ms="133278" started-at="2019-07-17T06:10:35Z" finished-at="2019-07-17T06:12:48Z">
      <class name="com.unify.testPages.CreateOrganisationTest">
        <test-method status="PASS" signature="setupBrowser(java.lang.String)[pri:0, instance:com.unify.testPages.CreateOrganisationTest@61f8bee4]" name="setupBrowser" is-config="true" duration-ms="3332" started-at="2019-07-17T06:10:35Z" finished-at="2019-07-17T06:10:38Z">
          <params>
            <param index="0">
              <value>
                <![CDATA[chrome]]>
              </value>
            </param>
          </params>
          <reporter-output>
          </reporter-output>
        </test-method> <!-- setupBrowser -->
        <test-method status="PASS" signature="setup()[pri:0, instance:com.unify.testPages.CreateOrganisationTest@61f8bee4]" name="setup" is-config="true" duration-ms="3425" started-at="2019-07-17T06:10:38Z" finished-at="2019-07-17T06:10:42Z">
          <reporter-output>
          </reporter-output>
        </test-method> <!-- setup -->
        <test-method status="PASS" signature="veriyAddOrganisation()[pri:0, instance:com.unify.testPages.CreateOrganisationTest@61f8bee4]" name="veriyAddOrganisation" duration-ms="126472" started-at="2019-07-17T06:10:42Z" finished-at="2019-07-17T06:12:48Z">
          <reporter-output>
          </reporter-output>
        </test-method> <!-- veriyAddOrganisation -->
      </class> <!-- com.unify.testPages.CreateOrganisationTest -->
    </test> <!-- Debugging_Purpose -->
  </suite> <!-- UNIFY_Automation -->
</testng-results>
